# JRE version: OpenJDK Runtime Environment (8.0_212-b04) (build 1.8.0_212-release-1586-b04)
# Java VM: OpenJDK 64-Bit Server VM (25.212-b04 mixed mode windows-amd64 compressed oops)
Heap:
 PSYoungGen      total 295424K, used 172046K [0x00000000e0000000, 0x00000000f7780000, 0x0000000100000000)
  eden space 207360K, 48% used [0x00000000e0000000,0x00000000e62a72a0,0x00000000eca80000)
  from space 88064K, 80% used [0x00000000eca80000,0x00000000f0fdc840,0x00000000f2080000)
  to   space 86016K, 0% used [0x00000000f2080000,0x00000000f2080000,0x00000000f7480000)
 ParOldGen       total 226816K, used 68647K [0x00000000a0000000, 0x00000000add80000, 0x00000000e0000000)
  object space 226816K, 30% used [0x00000000a0000000,0x00000000a4309ed0,0x00000000add80000)
 Metaspace       used 136770K, capacity 144504K, committed 144832K, reserved 1175552K
  class space    used 17619K, capacity 19077K, committed 19200K, reserved 1048576K
GC Heap History (10 events):
Event: 3108.893 GC heap before
{Heap before GC invocations=41 (full 4):
 PSYoungGen      total 260096K, used 254538K [0x00000000e0000000, 0x00000000f5680000, 0x0000000100000000)
  eden space 193536K, 100% used [0x00000000e0000000,0x00000000ebd00000,0x00000000ebd00000)
  from space 66560K, 91% used [0x00000000f0600000,0x00000000f4192bb0,0x00000000f4700000)
  to   space 74752K, 0% used [0x00000000ebd00000,0x00000000ebd00000,0x00000000f0600000)
 ParOldGen       total 226816K, used 68607K [0x00000000a0000000, 0x00000000add80000, 0x00000000e0000000)
  object space 226816K, 30% used [0x00000000a0000000,0x00000000a42ffed0,0x00000000add80000)
 Metaspace       used 120968K, capacity 126676K, committed 126784K, reserved 1159168K
  class space    used 15373K, capacity 16502K, committed 16512K, reserved 1048576K
Event: 3108.943 GC heap after
Heap after GC invocations=41 (full 4):
 PSYoungGen      total 268288K, used 73157K [0x00000000e0000000, 0x00000000f6e80000, 0x0000000100000000)
  eden space 193536K, 0% used [0x00000000e0000000,0x00000000e0000000,0x00000000ebd00000)
  from space 74752K, 97% used [0x00000000ebd00000,0x00000000f0471768,0x00000000f0600000)
  to   space 85504K, 0% used [0x00000000f1b00000,0x00000000f1b00000,0x00000000f6e80000)
 ParOldGen       total 226816K, used 68615K [0x00000000a0000000, 0x00000000add80000, 0x00000000e0000000)
  object space 226816K, 30% used [0x00000000a0000000,0x00000000a4301ed0,0x00000000add80000)
 Metaspace       used 120968K, capacity 126676K, committed 126784K, reserved 1159168K
  class space    used 15373K, capacity 16502K, committed 16512K, reserved 1048576K
}
Event: 3157.704 GC heap before
{Heap before GC invocations=42 (full 4):
 PSYoungGen      total 268288K, used 266693K [0x00000000e0000000, 0x00000000f6e80000, 0x0000000100000000)
  eden space 193536K, 100% used [0x00000000e0000000,0x00000000ebd00000,0x00000000ebd00000)
  from space 74752K, 97% used [0x00000000ebd00000,0x00000000f0471768,0x00000000f0600000)
  to   space 85504K, 0% used [0x00000000f1b00000,0x00000000f1b00000,0x00000000f6e80000)
 ParOldGen       total 226816K, used 68615K [0x00000000a0000000, 0x00000000add80000, 0x00000000e0000000)
  object space 226816K, 30% used [0x00000000a0000000,0x00000000a4301ed0,0x00000000add80000)
 Metaspace       used 121294K, capacity 127152K, committed 127424K, reserved 1161216K
  class space    used 15410K, capacity 16570K, committed 16640K, reserved 1048576K
Event: 3157.735 GC heap after
Heap after GC invocations=42 (full 4):
 PSYoungGen      total 284672K, used 48038K [0x00000000e0000000, 0x00000000f6b80000, 0x0000000100000000)
  eden space 202240K, 0% used [0x00000000e0000000,0x00000000e0000000,0x00000000ec580000)
  from space 82432K, 58% used [0x00000000f1b00000,0x00000000f49e9bc0,0x00000000f6b80000)
  to   space 84992K, 0% used [0x00000000ec580000,0x00000000ec580000,0x00000000f1880000)
 ParOldGen       total 226816K, used 68623K [0x00000000a0000000, 0x00000000add80000, 0x00000000e0000000)
  object space 226816K, 30% used [0x00000000a0000000,0x00000000a4303ed0,0x00000000add80000)
 Metaspace       used 121294K, capacity 127152K, committed 127424K, reserved 1161216K
  class space    used 15410K, capacity 16570K, committed 16640K, reserved 1048576K
}
Event: 3245.500 GC heap before
{Heap before GC invocations=43 (full 4):
 PSYoungGen      total 284672K, used 250278K [0x00000000e0000000, 0x00000000f6b80000, 0x0000000100000000)
  eden space 202240K, 100% used [0x00000000e0000000,0x00000000ec580000,0x00000000ec580000)
  from space 82432K, 58% used [0x00000000f1b00000,0x00000000f49e9bc0,0x00000000f6b80000)
  to   space 84992K, 0% used [0x00000000ec580000,0x00000000ec580000,0x00000000f1880000)
 ParOldGen       total 226816K, used 68623K [0x00000000a0000000, 0x00000000add80000, 0x00000000e0000000)
  object space 226816K, 30% used [0x00000000a0000000,0x00000000a4303ed0,0x00000000add80000)
 Metaspace       used 122636K, capacity 128870K, committed 129088K, reserved 1161216K
  class space    used 15566K, capacity 16768K, committed 16768K, reserved 1048576K
Event: 3245.536 GC heap after
Heap after GC invocations=43 (full 4):
 PSYoungGen      total 287232K, used 53877K [0x00000000e0000000, 0x00000000f7480000, 0x0000000100000000)
  eden space 202240K, 0% used [0x00000000e0000000,0x00000000e0000000,0x00000000ec580000)
  from space 84992K, 63% used [0x00000000ec580000,0x00000000efa1d540,0x00000000f1880000)
  to   space 86016K, 0% used [0x00000000f2080000,0x00000000f2080000,0x00000000f7480000)
 ParOldGen       total 226816K, used 68631K [0x00000000a0000000, 0x00000000add80000, 0x00000000e0000000)
  object space 226816K, 30% used [0x00000000a0000000,0x00000000a4305ed0,0x00000000add80000)
 Metaspace       used 122636K, capacity 128870K, committed 129088K, reserved 1161216K
  class space    used 15566K, capacity 16768K, committed 16768K, reserved 1048576K
}
Event: 3293.701 GC heap before
{Heap before GC invocations=44 (full 4):
 PSYoungGen      total 287232K, used 256110K [0x00000000e0000000, 0x00000000f7480000, 0x0000000100000000)
  eden space 202240K, 99% used [0x00000000e0000000,0x00000000ec57e350,0x00000000ec580000)
  from space 84992K, 63% used [0x00000000ec580000,0x00000000efa1d540,0x00000000f1880000)
  to   space 86016K, 0% used [0x00000000f2080000,0x00000000f2080000,0x00000000f7480000)
 ParOldGen       total 226816K, used 68631K [0x00000000a0000000, 0x00000000add80000, 0x00000000e0000000)
  object space 226816K, 30% used [0x00000000a0000000,0x00000000a4305ed0,0x00000000add80000)
 Metaspace       used 124270K, capacity 130732K, committed 131008K, reserved 1163264K
  class space    used 15808K, capacity 17037K, committed 17152K, reserved 1048576K
Event: 3293.744 GC heap after
Heap after GC invocations=44 (full 4):
 PSYoungGen      total 293376K, used 56425K [0x00000000e0000000, 0x00000000f7780000, 0x0000000100000000)
  eden space 207360K, 0% used [0x00000000e0000000,0x00000000e0000000,0x00000000eca80000)
  from space 86016K, 65% used [0x00000000f2080000,0x00000000f579a518,0x00000000f7480000)
  to   space 88064K, 0% used [0x00000000eca80000,0x00000000eca80000,0x00000000f2080000)
 ParOldGen       total 226816K, used 68639K [0x00000000a0000000, 0x00000000add80000, 0x00000000e0000000)
  object space 226816K, 30% used [0x00000000a0000000,0x00000000a4307ed0,0x00000000add80000)
 Metaspace       used 124270K, capacity 130732K, committed 131008K, reserved 1163264K
  class space    used 15808K, capacity 17037K, committed 17152K, reserved 1048576K
}
Event: 3299.436 GC heap before
{Heap before GC invocations=45 (full 4):
 PSYoungGen      total 293376K, used 263785K [0x00000000e0000000, 0x00000000f7780000, 0x0000000100000000)
  eden space 207360K, 100% used [0x00000000e0000000,0x00000000eca80000,0x00000000eca80000)
  from space 86016K, 65% used [0x00000000f2080000,0x00000000f579a518,0x00000000f7480000)
  to   space 88064K, 0% used [0x00000000eca80000,0x00000000eca80000,0x00000000f2080000)
 ParOldGen       total 226816K, used 68639K [0x00000000a0000000, 0x00000000add80000, 0x00000000e0000000)
  object space 226816K, 30% used [0x00000000a0000000,0x00000000a4307ed0,0x00000000add80000)
 Metaspace       used 135202K, capacity 142590K, committed 142784K, reserved 1173504K
  class space    used 17444K, capacity 18850K, committed 18944K, reserved 1048576K
Event: 3299.560 GC heap after
Heap after GC invocations=45 (full 4):
 PSYoungGen      total 295424K, used 71026K [0x00000000e0000000, 0x00000000f7780000, 0x0000000100000000)
  eden space 207360K, 0% used [0x00000000e0000000,0x00000000e0000000,0x00000000eca80000)
  from space 88064K, 80% used [0x00000000eca80000,0x00000000f0fdc840,0x00000000f2080000)
  to   space 86016K, 0% used [0x00000000f2080000,0x00000000f2080000,0x00000000f7480000)
 ParOldGen       total 226816K, used 68647K [0x00000000a0000000, 0x00000000add80000, 0x00000000e0000000)
  object space 226816K, 30% used [0x00000000a0000000,0x00000000a4309ed0,0x00000000add80000)
 Metaspace       used 135202K, capacity 142590K, committed 142784K, reserved 1173504K
  class space    used 17444K, capacity 18850K, committed 18944K, reserved 1048576K
}

