# JRE version: OpenJDK Runtime Environment (8.0_212-b04) (build 1.8.0_212-release-1586-b04)
# Java VM: OpenJDK 64-Bit Server VM (25.212-b04 mixed mode windows-amd64 compressed oops)
Heap:
 PSYoungGen      total 155648K, used 30919K [0x00000000e0000000, 0x00000000eae80000, 0x0000000100000000)
  eden space 138752K, 14% used [0x00000000e0000000,0x00000000e143be88,0x00000000e8780000)
  from space 16896K, 60% used [0x00000000e9e00000,0x00000000ea7f5fd8,0x00000000eae80000)
  to   space 19968K, 0% used [0x00000000e8780000,0x00000000e8780000,0x00000000e9b00000)
 ParOldGen       total 98304K, used 56763K [0x00000000a0000000, 0x00000000a6000000, 0x00000000e0000000)
  object space 98304K, 57% used [0x00000000a0000000,0x00000000a376ee98,0x00000000a6000000)
 Metaspace       used 80931K, capacity 84616K, committed 84736K, reserved 1122304K
  class space    used 10757K, capacity 11430K, committed 11520K, reserved 1048576K
GC Heap History (10 events):
Event: 52.478 GC heap before
{Heap before GC invocations=31 (full 3):
 PSYoungGen      total 101376K, used 86355K [0x00000000e0000000, 0x00000000e8900000, 0x0000000100000000)
  eden space 81920K, 100% used [0x00000000e0000000,0x00000000e5000000,0x00000000e5000000)
  from space 19456K, 22% used [0x00000000e5000000,0x00000000e5454e18,0x00000000e6300000)
  to   space 19456K, 0% used [0x00000000e7600000,0x00000000e7600000,0x00000000e8900000)
 ParOldGen       total 98304K, used 44536K [0x00000000a0000000, 0x00000000a6000000, 0x00000000e0000000)
  object space 98304K, 45% used [0x00000000a0000000,0x00000000a2b7e348,0x00000000a6000000)
 Metaspace       used 71806K, capacity 74984K, committed 75136K, reserved 1114112K
  class space    used 9622K, capacity 10288K, committed 10368K, reserved 1048576K
Event: 52.485 GC heap after
Heap after GC invocations=31 (full 3):
 PSYoungGen      total 119808K, used 3055K [0x00000000e0000000, 0x00000000e8900000, 0x0000000100000000)
  eden space 100352K, 0% used [0x00000000e0000000,0x00000000e0000000,0x00000000e6200000)
  from space 19456K, 15% used [0x00000000e7600000,0x00000000e78fbc48,0x00000000e8900000)
  to   space 19968K, 0% used [0x00000000e6200000,0x00000000e6200000,0x00000000e7580000)
 ParOldGen       total 98304K, used 48178K [0x00000000a0000000, 0x00000000a6000000, 0x00000000e0000000)
  object space 98304K, 49% used [0x00000000a0000000,0x00000000a2f0ca10,0x00000000a6000000)
 Metaspace       used 71806K, capacity 74984K, committed 75136K, reserved 1114112K
  class space    used 9622K, capacity 10288K, committed 10368K, reserved 1048576K
}
Event: 53.464 GC heap before
{Heap before GC invocations=32 (full 3):
 PSYoungGen      total 119808K, used 103400K [0x00000000e0000000, 0x00000000e8900000, 0x0000000100000000)
  eden space 100352K, 99% used [0x00000000e0000000,0x00000000e61fe710,0x00000000e6200000)
  from space 19456K, 15% used [0x00000000e7600000,0x00000000e78fbc48,0x00000000e8900000)
  to   space 19968K, 0% used [0x00000000e6200000,0x00000000e6200000,0x00000000e7580000)
 ParOldGen       total 98304K, used 48178K [0x00000000a0000000, 0x00000000a6000000, 0x00000000e0000000)
  object space 98304K, 49% used [0x00000000a0000000,0x00000000a2f0ca10,0x00000000a6000000)
 Metaspace       used 71993K, capacity 75130K, committed 75392K, reserved 1114112K
  class space    used 9625K, capacity 10291K, committed 10368K, reserved 1048576K
Event: 53.468 GC heap after
Heap after GC invocations=32 (full 3):
 PSYoungGen      total 120320K, used 2086K [0x00000000e0000000, 0x00000000e9d80000, 0x0000000100000000)
  eden space 100352K, 0% used [0x00000000e0000000,0x00000000e0000000,0x00000000e6200000)
  from space 19968K, 10% used [0x00000000e6200000,0x00000000e6409ba8,0x00000000e7580000)
  to   space 19968K, 0% used [0x00000000e8a00000,0x00000000e8a00000,0x00000000e9d80000)
 ParOldGen       total 98304K, used 49022K [0x00000000a0000000, 0x00000000a6000000, 0x00000000e0000000)
  object space 98304K, 49% used [0x00000000a0000000,0x00000000a2fdfa60,0x00000000a6000000)
 Metaspace       used 71993K, capacity 75130K, committed 75392K, reserved 1114112K
  class space    used 9625K, capacity 10291K, committed 10368K, reserved 1048576K
}
Event: 55.968 GC heap before
{Heap before GC invocations=33 (full 3):
 PSYoungGen      total 120320K, used 102438K [0x00000000e0000000, 0x00000000e9d80000, 0x0000000100000000)
  eden space 100352K, 100% used [0x00000000e0000000,0x00000000e6200000,0x00000000e6200000)
  from space 19968K, 10% used [0x00000000e6200000,0x00000000e6409ba8,0x00000000e7580000)
  to   space 19968K, 0% used [0x00000000e8a00000,0x00000000e8a00000,0x00000000e9d80000)
 ParOldGen       total 98304K, used 49022K [0x00000000a0000000, 0x00000000a6000000, 0x00000000e0000000)
  object space 98304K, 49% used [0x00000000a0000000,0x00000000a2fdfa60,0x00000000a6000000)
 Metaspace       used 73484K, capacity 76634K, committed 76800K, reserved 1116160K
  class space    used 9841K, capacity 10487K, committed 10496K, reserved 1048576K
Event: 55.972 GC heap after
Heap after GC invocations=33 (full 3):
 PSYoungGen      total 137216K, used 2822K [0x00000000e0000000, 0x00000000e9b00000, 0x0000000100000000)
  eden space 119808K, 0% used [0x00000000e0000000,0x00000000e0000000,0x00000000e7500000)
  from space 17408K, 16% used [0x00000000e8a00000,0x00000000e8cc1bb0,0x00000000e9b00000)
  to   space 19456K, 0% used [0x00000000e7500000,0x00000000e7500000,0x00000000e8800000)
 ParOldGen       total 98304K, used 49398K [0x00000000a0000000, 0x00000000a6000000, 0x00000000e0000000)
  object space 98304K, 50% used [0x00000000a0000000,0x00000000a303daa0,0x00000000a6000000)
 Metaspace       used 73484K, capacity 76634K, committed 76800K, reserved 1116160K
  class space    used 9841K, capacity 10487K, committed 10496K, reserved 1048576K
}
Event: 59.400 GC heap before
{Heap before GC invocations=34 (full 3):
 PSYoungGen      total 137216K, used 122630K [0x00000000e0000000, 0x00000000e9b00000, 0x0000000100000000)
  eden space 119808K, 100% used [0x00000000e0000000,0x00000000e7500000,0x00000000e7500000)
  from space 17408K, 16% used [0x00000000e8a00000,0x00000000e8cc1bb0,0x00000000e9b00000)
  to   space 19456K, 0% used [0x00000000e7500000,0x00000000e7500000,0x00000000e8800000)
 ParOldGen       total 98304K, used 49398K [0x00000000a0000000, 0x00000000a6000000, 0x00000000e0000000)
  object space 98304K, 50% used [0x00000000a0000000,0x00000000a303daa0,0x00000000a6000000)
 Metaspace       used 79683K, capacity 83186K, committed 83328K, reserved 1122304K
  class space    used 10632K, capacity 11327K, committed 11392K, reserved 1048576K
Event: 59.412 GC heap after
Heap after GC invocations=34 (full 3):
 PSYoungGen      total 139264K, used 12578K [0x00000000e0000000, 0x00000000eb200000, 0x0000000100000000)
  eden space 119808K, 0% used [0x00000000e0000000,0x00000000e0000000,0x00000000e7500000)
  from space 19456K, 64% used [0x00000000e7500000,0x00000000e8148b10,0x00000000e8800000)
  to   space 20480K, 0% used [0x00000000e9e00000,0x00000000e9e00000,0x00000000eb200000)
 ParOldGen       total 98304K, used 50274K [0x00000000a0000000, 0x00000000a6000000, 0x00000000e0000000)
  object space 98304K, 51% used [0x00000000a0000000,0x00000000a3118b90,0x00000000a6000000)
 Metaspace       used 79683K, capacity 83186K, committed 83328K, reserved 1122304K
  class space    used 10632K, capacity 11327K, committed 11392K, reserved 1048576K
}
Event: 71.190 GC heap before
{Heap before GC invocations=35 (full 3):
 PSYoungGen      total 139264K, used 132386K [0x00000000e0000000, 0x00000000eb200000, 0x0000000100000000)
  eden space 119808K, 100% used [0x00000000e0000000,0x00000000e7500000,0x00000000e7500000)
  from space 19456K, 64% used [0x00000000e7500000,0x00000000e8148b10,0x00000000e8800000)
  to   space 20480K, 0% used [0x00000000e9e00000,0x00000000e9e00000,0x00000000eb200000)
 ParOldGen       total 98304K, used 50274K [0x00000000a0000000, 0x00000000a6000000, 0x00000000e0000000)
  object space 98304K, 51% used [0x00000000a0000000,0x00000000a3118b90,0x00000000a6000000)
 Metaspace       used 80890K, capacity 84616K, committed 84736K, reserved 1122304K
  class space    used 10757K, capacity 11430K, committed 11520K, reserved 1048576K
Event: 71.210 GC heap after
Heap after GC invocations=35 (full 3):
 PSYoungGen      total 155648K, used 10199K [0x00000000e0000000, 0x00000000eae80000, 0x0000000100000000)
  eden space 138752K, 0% used [0x00000000e0000000,0x00000000e0000000,0x00000000e8780000)
  from space 16896K, 60% used [0x00000000e9e00000,0x00000000ea7f5fd8,0x00000000eae80000)
  to   space 19968K, 0% used [0x00000000e8780000,0x00000000e8780000,0x00000000e9b00000)
 ParOldGen       total 98304K, used 56763K [0x00000000a0000000, 0x00000000a6000000, 0x00000000e0000000)
  object space 98304K, 57% used [0x00000000a0000000,0x00000000a376ee98,0x00000000a6000000)
 Metaspace       used 80890K, capacity 84616K, committed 84736K, reserved 1122304K
  class space    used 10757K, capacity 11430K, committed 11520K, reserved 1048576K
}

